<?xml version="1.0" encoding="UTF-8"?>
<testng-results ignored="0" total="1" passed="1" failed="0" skipped="0">
  <reporter-output>
  </reporter-output>
  <suite started-at="2023-09-08T15:19:44 IST" name="Suite" finished-at="2023-09-08T15:19:49 IST" duration-ms="5177">
    <groups>
    </groups>
    <test started-at="2023-09-08T15:19:44 IST" name="Test" finished-at="2023-09-08T15:19:49 IST" duration-ms="5177">
      <class name="testScripts.LoginTest">
        <test-method signature="validLogin()[pri:0, instance:testScripts.LoginTest@34b7ac2f]" started-at="2023-09-08T15:19:44 IST" name="validLogin" finished-at="2023-09-08T15:19:49 IST" duration-ms="5147" status="PASS">
          <reporter-output>
          </reporter-output>
        </test-method> <!-- validLogin -->
      </class> <!-- testScripts.LoginTest -->
    </test> <!-- Test -->
  </suite> <!-- Suite -->
</testng-results>
