<?xml version="1.0" encoding="UTF-8"?>
<testng-results ignored="0" total="1" passed="1" failed="0" skipped="0">
  <reporter-output>
  </reporter-output>
  <suite started-at="2023-09-08T14:46:37 IST" name="Suite" finished-at="2023-09-08T14:46:42 IST" duration-ms="5058">
    <groups>
    </groups>
    <test started-at="2023-09-08T14:46:37 IST" name="Test" finished-at="2023-09-08T14:46:42 IST" duration-ms="5058">
      <class name="testScripts.LoginTest">
        <test-method signature="validLogin()[pri:0, instance:testScripts.LoginTest@44ebcd03]" started-at="2023-09-08T14:46:37 IST" name="validLogin" finished-at="2023-09-08T14:46:42 IST" duration-ms="5029" status="PASS">
          <reporter-output>
          </reporter-output>
        </test-method> <!-- validLogin -->
      </class> <!-- testScripts.LoginTest -->
    </test> <!-- Test -->
  </suite> <!-- Suite -->
</testng-results>
